This is TeX, Version 3.141592 (Web2C 7.5.4) (format=tex 2006.5.2)  8 JUL 2006 16:44
**daophotii.tex
(./daophotii.tex [1] [2] [3] [4]
Underfull \vbox (badness 2173) has occurred while \output is active
\vbox(596.2275+2.5)x440.84743, glue set 2.79323
.\glue(\topskip) 3.05556
.\hbox(6.94444+1.94444)x420.84743, glue set - 0.07361, shifted 20.0
..\tenrm y
..\kern-0.27779
..\tenrm o
..\tenrm u
..\glue 3.33333 plus 1.66666 minus 1.11111
..etc.
.\penalty 150
.\glue(\baselineskip) 5.33748
.\hbox(6.94444+0.0)x420.84743, glue set 291.84718fil, shifted 20.0
..\tenrm i
..\tenrm n
..\kern-0.27779
..\tenrm t
..\tenrm e
..etc.
.etc.

 [5]
[6] [7] [8] [9] [10] [11] [12] [13] [14] [15] [16] [17] [18] [19] [20] [21]
[22] [23] [24] [25] [26] [27] [28] [29] [30] [31] [32] [33] [34] [35] [36]
[37] [38] [39] [40] [41] [42] [43] [44] [45] [46] [47] [48] [49] [50] [51]
[52]
Underfull \hbox (badness 1810) in paragraph at lines 2578--2586
\tenrm This presumes that by some means you have already created on the disk a 
file named

\hbox(6.94444+1.94444)x440.84743, glue set 2.62833
.\tenrm T
.\tenrm h
.\tenrm i
.\tenrm s
.\glue 3.33333 plus 1.66666 minus 1.11111
.etc.

[53] [54] [55] [56] [57] [58] [59] [60] [61] [62] [63] [64] [65] [66] [67]
[68] [69] [70] [71] [72] [73]
Underfull \hbox (badness 1270) in paragraph at lines 3622--3624
[][]\tenrm An alphanumeric string uniquely defining the module used to define t
he analytic first

\hbox(7.5+2.5)x440.84743, glue set 2.3354
.\hbox(0.0+0.0)x20.0
.\hbox(7.5+2.5)x0.0, glue set - 17.77782fil
..\glue 0.0 plus 1.0fil minus 1.0fil
..\tenrm (
..\tenrm 1
..\tenrm )
..\kern 5.0
.\tenrm A
.\tenrm n
.\glue 3.33333 plus 1.66666 minus 1.11111
.etc.

[74] [75] )
Output written on daophotii.dvi (75 pages, 218460 bytes).
