#Coords        Image     X-center   Err      Y-center   Err     Num
       obj184_1.fits     623.181 (0.006)    3687.348 (0.006)     1
       obj184_1.fits     692.239 (0.010)    3080.227 (0.010)     2
       obj184_1.fits     747.136 (0.008)    3102.197 (0.008)     3
       obj184_1.fits     310.155 (0.008)    1247.359 (0.007)     4
       obj184_1.fits     940.219 (0.008)    1587.599 (0.008)     5
       obj184_1.fits     946.157 (0.008)    1498.661 (0.008)     6

       obj179_1.fits     580.787 (0.021)    3720.652 (0.022)     1
       obj179_1.fits     650.275 (0.038)    3113.606 (0.038)     2
       obj179_1.fits     705.188 (0.029)    3135.621 (0.029)     3
       obj179_1.fits     268.980 (0.031)    1280.747 (0.030)     4
       obj179_1.fits     899.094 (0.019)    1621.213 (0.019)     5
       obj179_1.fits     905.196 (0.034)    1532.351 (0.033)     6

       obj182_1.fits     623.622 (0.013)    3687.702 (0.013)     1
       obj182_1.fits     692.814 (0.024)    3080.654 (0.023)     2
       obj182_1.fits     747.728 (0.018)    3102.630 (0.017)     3
       obj182_1.fits     311.124 (0.019)    1247.757 (0.018)     4
       obj182_1.fits     941.109 (0.012)    1588.166 (0.011)     5
       obj182_1.fits     947.114 (0.021)    1499.297 (0.020)     6

       obj185_1.fits     641.963 (0.011)    3651.434 (0.011)     1
       obj185_1.fits     710.773 (0.020)    3044.388 (0.020)     2
       obj185_1.fits     765.681 (0.015)    3066.342 (0.015)     3
       obj185_1.fits     328.190 (0.016)    1211.317 (0.016)     4
       obj185_1.fits     958.246 (0.010)    1551.562 (0.010)     5
       obj185_1.fits     964.233 (0.018)    1462.646 (0.017)     6

       obj175_1.fits     699.015 (0.010)    3743.779 (0.009)     1
       obj175_1.fits     768.579 (0.014)    3136.997 (0.015)     2
       obj175_1.fits     823.390 (0.013)    3158.982 (0.013)     3
       obj175_1.fits     389.072 (0.008)    1305.485 (0.007)     4
       obj175_1.fits    1017.821 (0.009)    1645.442 (0.008)     5
       obj175_1.fits    1023.939 (0.008)    1556.615 (0.008)     6

       obj180_1.fits     579.019 (0.010)    3719.336 (0.009)     1
       obj180_1.fits     648.424 (0.010)    3112.249 (0.010)     2
       obj180_1.fits     703.337 (0.009)    3134.238 (0.008)     3
       obj180_1.fits     267.193 (0.016)    1279.106 (0.018)     4
       obj180_1.fits     896.879 (0.012)    1619.408 (0.014)     5
       obj180_1.fits     903.207 (0.016)    1530.680 (0.019)     6

       obj183_1.fits     622.629 (0.020)    3686.039 (0.015)     1
       obj183_1.fits     691.430 (0.007)    3079.222 (0.007)     2
       obj183_1.fits     746.329 (0.006)    3101.186 (0.006)     3
Warning: failed to converge near (310,1246)
       obj183_1.fits     939.478 (0.019)    1586.408 (0.021)     5
       obj183_1.fits     944.233 (0.015)    1497.354 (0.020)     6

#Refcoords Reference     X-center   Err      Y-center   Err     Num
       obj184_1.fits     623.181 (0.006)    3687.348 (0.006)     1
       obj184_1.fits     692.239 (0.010)    3080.227 (0.010)     2
       obj184_1.fits     747.136 (0.008)    3102.197 (0.008)     3
       obj184_1.fits     310.155 (0.008)    1247.359 (0.007)     4
       obj184_1.fits     940.219 (0.008)    1587.599 (0.008)     5
       obj184_1.fits     946.157 (0.008)    1498.661 (0.008)     6

#Shifts        Image    X-shift   Err      Y-shift   Err      N      Internal
       obj184_1.fits      0.000 (0.005)      0.000 (0.005)    6   (0.000,0.000)
       obj179_1.fits     41.594 (0.012)    -33.466 (0.012)    6   (0.238,0.062)
       obj182_1.fits     -0.737 (0.008)     -0.469 (0.008)    6   (0.093,0.044)
       obj185_1.fits    -18.333 (0.007)     35.950 (0.007)    6   (0.134,0.038)
       obj175_1.fits    -77.122 (0.006)    -57.318 (0.005)    6   (0.480,0.300)
       obj180_1.fits     43.505 (0.006)    -31.938 (0.007)    6   (0.204,0.052)
       obj183_1.fits      0.966 (0.007)      1.165 (0.008)    5   (0.244,0.067)

#Trim_Section = [45:1970,37:4038]

# Shifting images:

# Trimming images:  corrected section = [45:1970,37:4038]
