
  READ NOISE (ADU; 1 frame) =     2.26        GAIN (e-/ADU; 1 frame) =     3.10
 LOW GOOD DATUM (in sigmas) =     7.00      HIGH GOOD DATUM (in ADU) = 32000.00
             FWHM OF OBJECT =     3.80         THRESHOLD (in sigmas) =     3.50
  LS (LOW SHARPNESS CUTOFF) =     0.20    HS (HIGH SHARPNESS CUTOFF) =     1.00
  LR (LOW ROUNDNESS CUTOFF) =    -1.00    HR (HIGH ROUNDNESS CUTOFF) =     1.00
             WATCH PROGRESS =    -2.00                FITTING RADIUS =     3.80
                 PSF RADIUS =    15.21                  VARIABLE PSF =     2.00
              SKY ESTIMATOR =     0.00            ANALYTIC MODEL PSF =    -6.00
  EXTRA PSF CLEANING PASSES =     5.00       USE SATURATED PSF STARS =     0.00
       PERCENT ERROR (in %) =     0.75          PROFILE ERROR (in %) =     5.00

 Command: 
 File with parameter values (default KEYBOARD 
                                            INPUT): 
  READ NOISE (ADU; 1 frame) =     2.26        GAIN (e-/ADU; 1 frame) =     3.10
 LOW GOOD DATUM (in sigmas) =     7.00      HIGH GOOD DATUM (in ADU) = 32000.00
             FWHM OF OBJECT =     3.80         THRESHOLD (in sigmas) =     3.50
  LS (LOW SHARPNESS CUTOFF) =     0.20    HS (HIGH SHARPNESS CUTOFF) =     1.00
  LR (LOW ROUNDNESS CUTOFF) =    -1.00    HR (HIGH ROUNDNESS CUTOFF) =     1.00
             WATCH PROGRESS =    -2.00                FITTING RADIUS =     3.80
                 PSF RADIUS =    15.21                  VARIABLE PSF =     2.00
              SKY ESTIMATOR =     0.00            ANALYTIC MODEL PSF =    -6.00
  EXTRA PSF CLEANING PASSES =     5.00       USE SATURATED PSF STARS =     0.00
       PERCENT ERROR (in %) =     0.75          PROFILE ERROR (in %) =     5.00

 OPT> 
 Command: 
     obj182_1a...                  


                                      Picture size:   2048  4096


 Command: 
 File with aperture results (default obj182_1a.ap):         File with PSF stars (default obj182_1.lst):            File for the PSF (default obj182_1.psf): 
 This file already exists: obj182_1.psf                  

          New output file name (default OVERWRITE): 


       Chi    Parameters...
>>   0.0211   1.95400   1.93190   
>>   0.0467   1.37066   1.34458  -0.15907   
>>   0.0184   1.68859   1.65435  -0.01399   
>>   0.0125   1.79238   1.76456  -0.00958   
>>   0.0518   1.59829   1.58120  -0.01125   
>>   0.0120   1.82377   1.79610   0.71124  -0.01131   


 Profile errors:

   1134  0.012       942  0.014      5184  0.016      3412  0.020      2131  0.011   
   4304  0.009      4476  0.009      1570  0.015       758  0.010      3250  0.014   
   4012  0.010       828  0.015      1379  0.010      4301  0.011      4181  0.011   
   4793  0.009      4549  0.010      1763  0.010      5207  0.010      2878  0.016   
   4423  0.010       374  0.015      2970  0.012      1043  0.012      2036  0.010   
   2825  0.012       564  0.013      1996  0.011      4050  0.011      2045  0.016   
    700  0.009      3214  0.009      1971  0.014      3786  0.012      1646  0.015   
   4708  0.011      1096  0.011      3917  0.012      4993  0.011      3656  0.010   
   3698  0.010      4777  0.010      3971  0.013       977  0.017      4654  0.014   
   3333  0.012      1707  0.017      2252  0.011      1420  0.017      2133  0.011   
   3755  0.009      3960  0.009      1652  0.011      2987  0.013       515  0.016   
   1984  0.010      4039  0.011      2410  0.017       379  0.011      1310  0.011   
   2365  0.013      1455  0.013      4785  0.009      2534  0.012      4014  0.015   
    816  0.010       413  0.010      3173  0.014      1815  0.013      1963  0.016   
   1668  0.009      1136  0.012      2588  0.015       820  0.021       882  0.011   
   2605  0.012      3485  0.010       586  0.011      3933  0.012      4577  0.013   
   3137  0.014      4070  0.010      1081  0.011      1894  0.013       212  0.012   
    351  0.022      2506  0.012      2307  0.012      4914  0.011      2555  0.013   
   2277  0.010      1439  0.010       788  0.010      4611  0.009                    
   1391  0.011      2075  0.014      4983  0.010       380  0.011                    



 File with PSF stars and neighbors = obj182_1.nei                  

 This file already exists: obj182_1.nei                  

          New output file name (default OVERWRITE): 
 Command: 

 Good bye.

