 NL    NX    NY  LOWBAD HIGHBAD  THRESH     AP1  PH/ADU  RNOISE    FRAD
  3  2048  4096   231.2 32000.0   23.55    3.00    3.10    2.26    3.80
 
   4231  545.860 3139.450   10.883    0.001    0.180
   1134  746.290  894.190   10.968    0.001    0.183
   4304  872.000 3213.450   10.971    0.001    0.176
   4012  763.230 2950.010   10.999    0.001    0.184
   4793  155.700 3693.430   11.078    0.001    0.177
   4423 1883.580 3332.030   11.125    0.001    0.177
   2825  212.370 2099.370   11.242    0.001    0.180
    700 1866.520  522.280   11.289    0.001    0.176
   4708 1822.900 3611.930   11.308    0.001    0.187
   3698 1508.510 2667.490   11.315    0.001    0.170
   3333  128.350 2382.840   11.322    0.001    0.181
   3755 1359.710 2714.440   11.327    0.001    0.175
   1984 1276.020 1518.380   11.344    0.001    0.179
   2365  420.100 1808.380   11.420    0.001    0.182
    816 1433.920  621.080   11.441    0.001    0.182
   1668 1188.730 1259.810   11.459    0.001    0.178
   2605  616.980 1985.000   11.493    0.001    0.190
   3137  367.980 2228.500   11.500    0.001    0.179
    351   38.340  223.970   11.513    0.001    0.185
   2277 1919.070 1736.490   11.515    0.001    0.176
   1391 1637.080 1077.430   11.612    0.001    0.175
    942  285.550  742.120   11.620    0.001    0.183
   4476 1322.380 3376.980   11.651    0.001    0.176
    828  186.410  636.380   11.665    0.001    0.180
   4549 1217.640 3453.140   11.770    0.001    0.175
    374  618.770  241.210   11.771    0.001    0.185
    564  434.940  402.460   11.837    0.002    0.181
   3214 1313.290 2276.940   11.859    0.002    0.179
   1096  874.690  866.840   11.868    0.002    0.181
   4777  781.420 3680.650   11.896    0.002    0.173
   1707   57.950 1285.950   11.925    0.002    0.191
   3960 1105.290 2905.700   11.934    0.002    0.179
   4039  248.120 2974.440   11.995    0.002    0.182
   1455  698.720 1120.720   12.037    0.002    0.185
    413 2038.790  285.000   12.063    0.002    0.181
   1136  713.000  894.650   12.084    0.002    0.183
   3485  948.190 2500.300   12.133    0.002    0.182
   4070 1769.480 3000.970   12.186    0.002    0.174
   2506  780.710 1915.460   12.209    0.002    0.181
   1439 1415.500 1113.490   12.215    0.002    0.169
   2075  941.090 1588.150   12.215    0.002    0.187
   5184 2031.540 4013.140   12.253    0.002    0.187
   1570  338.300 1206.920   12.255    0.002    0.187
   1379 1290.510 1064.710   12.266    0.002    0.174
   1763 1692.800 1333.840   12.339    0.002    0.176
   2970 1856.250 2157.120   12.407    0.002    0.179
   1996 1941.430 1525.780   12.436    0.002    0.177
   1971  145.960 1506.480   12.436    0.002    0.181
   3917  699.790 2867.050   12.455    0.002    0.183
   3971 1284.670 2909.430   12.503    0.002    0.172
   2252 1287.460 1722.470   12.508    0.002    0.171
   1652 1278.740 1249.360   12.536    0.002    0.178
   2410  107.860 1847.480   12.538    0.002    0.183
   4785  623.620 3687.710   12.574    0.002    0.176
   3173  409.770 2246.300   12.575    0.002    0.185
   2588   55.800 1972.760   12.643    0.002    0.183
    586 1232.220  419.920   12.679    0.002    0.182
   1081 1074.660  853.670   12.701    0.002    0.178
   2307 1007.560 1762.900   12.709    0.002    0.182
    788 1517.280  599.510   12.716    0.002    0.176
   4983  311.090 3862.000   12.730    0.002    0.183
   3412   17.570 2448.840   12.806    0.002    0.183
    758 1781.860  573.240   12.819    0.002    0.179
   4301 1485.470 3211.510   12.848    0.002    0.171
   5207  335.340 4033.010   12.855    0.003    0.185
   1043 1398.850  825.130   12.911    0.003    0.179
   2550  855.480 1946.960   12.912    0.003    0.197
   4050  410.130 2986.110   12.922    0.003    0.184
   3786  479.470 2737.460   12.934    0.003    0.178
   4993 1575.290 3868.470   12.937    0.003    0.179
    977  237.110  768.510   12.945    0.003    0.185
   1420  105.150 1099.680   12.977    0.003    0.185
   2987  813.570 2165.040   13.023    0.003    0.179
    379 1365.840  243.960   13.036    0.003    0.182
   2534  554.470 1938.820   13.044    0.003    0.184
   1815 1013.730 1371.400   13.061    0.003    0.181
    820 1449.170  623.650   13.071    0.003    0.177
   3933 1717.960 2882.340   13.074    0.003    0.177
   1894  434.790 1441.270   13.084    0.003    0.184
   4914   87.940 3794.860   13.133    0.003    0.182
   4611 1080.460 3513.270   13.135    0.003    0.175
    380 1262.230  245.220   13.138    0.003    0.180
   2131 1198.410 1635.110   13.143    0.003    0.181
   3250  520.110 2307.530   13.200    0.003    0.181
   4181  747.730 3102.630   13.213    0.003    0.178
   2878 1269.190 2121.680   13.229    0.003    0.184
   2036 1343.280 1551.790   13.262    0.003    0.180
   2045  771.110 1561.580   13.271    0.003    0.183
   1646  311.120 1247.770   13.289    0.003    0.184
   3656 1425.820 2633.340   13.322    0.003    0.179
   4654 1917.080 3563.970   13.357    0.003    0.187
   2133  771.360 1635.920   13.434    0.003    0.182
    515  422.800  364.650   13.444    0.003    0.183
   1310 2022.160 1022.880   13.445    0.004    0.179
   4014  640.800 2950.680   13.461    0.003    0.182
   1963  947.110 1499.280   13.482    0.004    0.188
    882 1986.590  681.930   13.483    0.004    0.174
   4577 1134.110 3476.700   13.488    0.003    0.177
    212 1607.600  107.840   13.505    0.004    0.176
   2555 1861.860 1949.500   13.509    0.004    0.178
