
  READ NOISE (ADU; 1 frame) =     2.26        GAIN (e-/ADU; 1 frame) =     3.10
 LOW GOOD DATUM (in sigmas) =     7.00      HIGH GOOD DATUM (in ADU) = 32000.00
             FWHM OF OBJECT =     3.24         THRESHOLD (in sigmas) =     3.50
  LS (LOW SHARPNESS CUTOFF) =     0.20    HS (HIGH SHARPNESS CUTOFF) =     1.00
  LR (LOW ROUNDNESS CUTOFF) =    -1.00    HR (HIGH ROUNDNESS CUTOFF) =     1.00
             WATCH PROGRESS =    -2.00                FITTING RADIUS =     3.24
                 PSF RADIUS =    12.95                  VARIABLE PSF =     2.00
              SKY ESTIMATOR =     0.00            ANALYTIC MODEL PSF =    -6.00
  EXTRA PSF CLEANING PASSES =     5.00       USE SATURATED PSF STARS =     0.00
       PERCENT ERROR (in %) =     0.75          PROFILE ERROR (in %) =     5.00

 Command: 
 File with parameter values (default KEYBOARD 
                                            INPUT): 
  READ NOISE (ADU; 1 frame) =     2.26        GAIN (e-/ADU; 1 frame) =     3.10
 LOW GOOD DATUM (in sigmas) =     7.00      HIGH GOOD DATUM (in ADU) = 32000.00
             FWHM OF OBJECT =     3.24         THRESHOLD (in sigmas) =     3.50
  LS (LOW SHARPNESS CUTOFF) =     0.20    HS (HIGH SHARPNESS CUTOFF) =     1.00
  LR (LOW ROUNDNESS CUTOFF) =    -1.00    HR (HIGH ROUNDNESS CUTOFF) =     1.00
             WATCH PROGRESS =    -2.00                FITTING RADIUS =     3.24
                 PSF RADIUS =    12.95                  VARIABLE PSF =     2.00
              SKY ESTIMATOR =     0.00            ANALYTIC MODEL PSF =    -6.00
  EXTRA PSF CLEANING PASSES =     5.00       USE SATURATED PSF STARS =     0.00
       PERCENT ERROR (in %) =     0.75          PROFILE ERROR (in %) =     5.00

 OPT> 
 Command: 
     obj179_1a...                  


                                      Picture size:   2048  4096


 Command: 
 File with aperture results (default obj179_1a.ap):         File with PSF stars (default obj179_1.lst): 
 Error opening input file obj179_1.lst3                 

                File for the PSF (default GIVE UP): 
 This file already exists: obj179_1.psf                  

          New output file name (default OVERWRITE): 

 There aren't enough PSF stars for a PSF this variable.

  Please change something.


 Command: 
 Command: 

 Good bye.

