===================================
== Step 1 : Construct PSF ver. 1 ==
===================================


  READ NOISE (ADU; 1 frame) =     2.26        GAIN (e-/ADU; 1 frame) =     3.10
 LOW GOOD DATUM (in sigmas) =     7.00      HIGH GOOD DATUM (in ADU) = 32000.00
             FWHM OF OBJECT =     4.61         THRESHOLD (in sigmas) =     3.50
  LS (LOW SHARPNESS CUTOFF) =     0.20    HS (HIGH SHARPNESS CUTOFF) =     1.00
  LR (LOW ROUNDNESS CUTOFF) =    -1.00    HR (HIGH ROUNDNESS CUTOFF) =     1.00
             WATCH PROGRESS =    -2.00                FITTING RADIUS =     4.61
                 PSF RADIUS =    18.43                  VARIABLE PSF =     2.00
              SKY ESTIMATOR =     0.00            ANALYTIC MODEL PSF =    -6.00
  EXTRA PSF CLEANING PASSES =     5.00       USE SATURATED PSF STARS =     0.00
       PERCENT ERROR (in %) =     0.75          PROFILE ERROR (in %) =     5.00

 Command: 
 File with parameter values (default KEYBOARD 
                                            INPUT): 
  READ NOISE (ADU; 1 frame) =     2.26        GAIN (e-/ADU; 1 frame) =     3.10
 LOW GOOD DATUM (in sigmas) =     7.00      HIGH GOOD DATUM (in ADU) = 32000.00
             FWHM OF OBJECT =     4.61         THRESHOLD (in sigmas) =     3.50
  LS (LOW SHARPNESS CUTOFF) =     0.20    HS (HIGH SHARPNESS CUTOFF) =     1.00
  LR (LOW ROUNDNESS CUTOFF) =    -1.00    HR (HIGH ROUNDNESS CUTOFF) =     1.00
             WATCH PROGRESS =    -2.00                FITTING RADIUS =     4.61
                 PSF RADIUS =    18.43                  VARIABLE PSF =     2.00
              SKY ESTIMATOR =     0.00            ANALYTIC MODEL PSF =    -6.00
  EXTRA PSF CLEANING PASSES =     5.00       USE SATURATED PSF STARS =     0.00
       PERCENT ERROR (in %) =     0.75          PROFILE ERROR (in %) =     5.00

 OPT> 
 Command: 
     obj176_1...                   


                                      Picture size:   2048  4096


 Command: 
      Sky mode and standard deviation = 1944.312   50.110

              Clipped mean and median = 1949.129 1947.511
   Number of pixels used (after clip) = 9,622
                       Relative error = 0.63

                 Number of frames averaged, summed:          File for positions (default obj176_1.coo): 
 

   5496 stars.


                           Are you happy with this? 
 Command: 
      File with aperture radii (default photo.opt): 
  A1  RADIUS OF APERTURE  1 =     3.00     A2  RADIUS OF APERTURE  2 =     3.80
  A3  RADIUS OF APERTURE  3 =     4.80     A4  RADIUS OF APERTURE  4 =     6.08
  A5  RADIUS OF APERTURE  5 =     7.69     A6  RADIUS OF APERTURE  6 =     9.74
  A7  RADIUS OF APERTURE  7 =    12.32     A8  RADIUS OF APERTURE  8 =    15.60
  A9  RADIUS OF APERTURE  9 =    19.74     AA  RADIUS OF APERTURE 10 =    24.98
  AB  RADIUS OF APERTURE 11 =    31.61     AC  RADIUS OF APERTURE 12 =    40.00
  IS       INNER SKY RADIUS =    45.00     OS       OUTER SKY RADIUS =    50.00

 PHO> 
        Input position file (default obj176_1.coo):                  Output file (default obj176_1.ap): 
  Estimated magnitude limit (Aperture 1): 16.8 +- 0.5 per star.                  


 Command: 
             Input file name (default obj176_1.ap):        Desired number of stars, faintest magnitude:            Output file name (default obj176_1.lst): 
       100 suitable candidates were found.


 Command: 

 Good bye.


===================================
== Step 2 : Construct PSF ver. 2 ==
===================================


=============================================
== Step 3 : Construct final version of PSF ==
=============================================


  READ NOISE (ADU; 1 frame) =     2.26        GAIN (e-/ADU; 1 frame) =     3.10
 LOW GOOD DATUM (in sigmas) =     7.00      HIGH GOOD DATUM (in ADU) = 32000.00
             FWHM OF OBJECT =     4.61         THRESHOLD (in sigmas) =     3.50
  LS (LOW SHARPNESS CUTOFF) =     0.20    HS (HIGH SHARPNESS CUTOFF) =     1.00
  LR (LOW ROUNDNESS CUTOFF) =    -1.00    HR (HIGH ROUNDNESS CUTOFF) =     1.00
             WATCH PROGRESS =    -2.00                FITTING RADIUS =     4.61
                 PSF RADIUS =    18.43                  VARIABLE PSF =     2.00
              SKY ESTIMATOR =     0.00            ANALYTIC MODEL PSF =    -6.00
  EXTRA PSF CLEANING PASSES =     5.00       USE SATURATED PSF STARS =     0.00
       PERCENT ERROR (in %) =     0.75          PROFILE ERROR (in %) =     5.00

 Command: 
 File with parameter values (default KEYBOARD 
                                            INPUT): 
  READ NOISE (ADU; 1 frame) =     2.26        GAIN (e-/ADU; 1 frame) =     3.10
 LOW GOOD DATUM (in sigmas) =     7.00      HIGH GOOD DATUM (in ADU) = 32000.00
             FWHM OF OBJECT =     4.61         THRESHOLD (in sigmas) =     3.50
  LS (LOW SHARPNESS CUTOFF) =     0.20    HS (HIGH SHARPNESS CUTOFF) =     1.00
  LR (LOW ROUNDNESS CUTOFF) =    -1.00    HR (HIGH ROUNDNESS CUTOFF) =     1.00
             WATCH PROGRESS =    -2.00                FITTING RADIUS =     4.61
                 PSF RADIUS =    18.43                  VARIABLE PSF =     2.00
              SKY ESTIMATOR =     0.00            ANALYTIC MODEL PSF =    -6.00
  EXTRA PSF CLEANING PASSES =     5.00       USE SATURATED PSF STARS =     0.00
       PERCENT ERROR (in %) =     0.75          PROFILE ERROR (in %) =     5.00

 OPT> 
 Command: 
     obj176_1...                   


                                      Picture size:   2048  4096


 Command: 
        File with photometry (default obj176_1.ap):           File with the PSF (default obj176_1.psf):                                   Critical overlap:     File for stellar groups (default obj176_1.grp): 
 Size of   Number of
  group     groups

      1       270
      2        15
      3         1

    303 stars in  286 groups.  


 Command: 
          File with the PSF (default obj176_1.psf):    File with stellar groups (default obj176_1.grp):            File for results (default obj176_1.nst): 
 Star     113 has disappeared.
 Star     174 has disappeared.
 Star     185 has disappeared.
 Star     341 has disappeared.
 Star     539 has disappeared.
 Star     845 has disappeared.
 Star    1067 has disappeared.
 Star    1104 has disappeared.
 Star    1231 has disappeared.
 Star    1245 has disappeared.
 Star    1375 has disappeared.
 Star    1598 has disappeared.
 Star    1639 has disappeared.
 Star    1792 has disappeared.
 Star    1798 has disappeared.
 Star    1842 has disappeared.
 Star    1952 has disappeared.
 Star    1982 has disappeared.
 Star    2031 has disappeared.
 Star    2033 has disappeared.
 Star    2068 has disappeared.
 Star    2079 has disappeared.
 Star    2251 has disappeared.
 Star    2614 has disappeared.
 Star    2745 has disappeared.
 Star    2804 has disappeared.
 Star    2825 has disappeared.
 Star    3756 has disappeared.
 Star    3771 has disappeared.
 Star    3831 has disappeared.
 Star    3909 has disappeared.
 Star    3976 has disappeared.
 Star    4033 has disappeared.
 Star    4042 has disappeared.
 Star    4127 has disappeared.
 Star    4152 has disappeared.
 Star    4285 has disappeared.
 Star    4426 has disappeared.
 Star    4457 has disappeared.
 Star    4616 has disappeared.
 Star    4665 has disappeared.
 Star    5265 has disappeared.
 Star    1631 has disappeared.
 Star    1635 has disappeared.
 Star    2117 has disappeared.
 Star    3729 has disappeared.
 Star    3908 has disappeared.

    Done.  


 Command: 
          File with the PSF (default obj176_1.psf):        File with photometry (default obj176_1.nst):                      Do you have stars to leave in?         File with star list (default obj176_1.lst):      Name for subtracted image (default obj176_1s): 
 Command: 
 Command: 

 Good bye.


===========================
== Step 4 : Run ALLSTAR. ==
===========================


             FITTING RADIUS =     4.60        CE (CLIPPING EXPONENT) =     6.00
      REDETERMINE CENTROIDS =     1.00           CR (CLIPPING RANGE) =     2.50
             WATCH PROGRESS =     0.00            MAXIMUM GROUP SIZE =    50.00
       PERCENT ERROR (in %) =     0.75          PROFILE ERROR (in %) =     5.00
      IS (INNER SKY RADIUS) =     3.60         OS (OUTER SKY RADIUS) =    19.41

 OPT>  OPT>  OPT>  OPT>  OPT>  OPT>  OPT>  OPT>  OPT>  OPT>  OPT> 
             FITTING RADIUS =     4.61        CE (CLIPPING EXPONENT) =     6.00
      REDETERMINE CENTROIDS =     1.00           CR (CLIPPING RANGE) =     2.50
             WATCH PROGRESS =     0.00            MAXIMUM GROUP SIZE =    50.00
       PERCENT ERROR (in %) =     0.75          PROFILE ERROR (in %) =     5.00
      IS (INNER SKY RADIUS) =     3.61         OS (OUTER SKY RADIUS) =    19.43

                                  Input image name: 
     obj176_1...                   


                                      Picture size:   2048  4096


          File with the PSF (default obj176_1.psf):                File with the PSF (default GIVE UP):                File with the PSF (default GIVE UP):                File with the PSF (default GIVE UP):                File with the PSF (default GIVE UP): 

 Good bye.


===============================================
== Step 5 : Prepare for aperture correction. ==
===============================================

