 NL    NX    NY  LOWBAD HIGHBAD  THRESH     AP1  PH/ADU  RNOISE    FRAD
  3  2048  4096  8846.1 22000.0  129.95    3.00    3.10    2.26    4.00
 
    409 1153.270  210.300   11.904    0.002    0.175
   2403 1434.390 1452.500   11.913    0.002    0.169
   2594 1299.420 1583.380   11.934    0.003    0.172
   1853  239.350 1166.190   11.946    0.003    0.182
   7084  777.820 3776.100   11.949    0.003    0.180
   6033  648.410 3112.220   11.966    0.003    0.178
   6374 2043.560 3320.470   11.978    0.003    0.173
   1069 1943.100  713.820   11.983    0.003    0.178
   5334  800.180 2670.440   12.004    0.003    0.178
   1871   67.250 1174.020   12.029    0.003    0.178
   6455  894.020 3389.040   12.035    0.003    0.181
   5305 1802.420 2655.700   12.053    0.003    0.176
   2737  727.350 1667.440   12.092    0.003    0.175
   1672 1168.770 1094.140   12.094    0.008    0.173
   6217  536.010 3225.490   12.141    0.003    0.170
   2684 1935.290 1635.900   12.169    0.003    0.181
   3089  964.980 1861.880   12.172    0.004    0.180
   2343   80.570 1411.400   12.172    0.003    0.176
    805 1117.520  494.780   12.180    0.003    0.171
   7265  244.470 3894.680   12.195    0.003    0.176
   5227 1978.150 2614.840   12.197    0.003    0.181
   6569 1444.770 3464.440   12.198    0.003    0.179
   5761  953.480 2948.310   12.208    0.005    0.179
   5473 1138.710 2748.590   12.223    0.004    0.177
   4986 1095.250 2471.020   12.227    0.004    0.178
   2308  999.010 1389.620   12.239    0.004    0.177
   7148  959.260 3815.350   12.247    0.003    0.200
   5944  334.630 3052.650   12.254    0.003    0.173
   1906  522.940 1189.020   12.276    0.034    0.182
   1481  804.400 1017.200   12.282    0.004    0.173
   6956 1945.220 3705.100   12.289    0.003    0.189
   5247  479.260 2626.230   12.318    0.004    0.179
   2545 1956.960 1549.860   12.320    0.004    0.180
   5641 1965.690 2865.460   12.332    0.004    0.182
   3072  263.540 1852.960   12.362    0.004    0.182
   5254  736.360 2630.540   12.406    0.004    0.178
   5352  174.410 2678.980   12.406    0.004    0.196
   7220 1784.530 3856.470   12.423    0.005    0.181
   7369  904.030 3951.330   12.438    0.004    0.180
   2819 1905.150 1710.790   12.464    0.004    0.178
    943  761.120  627.330   12.475    0.004    0.190
   1902 1175.260 1186.860   12.476    0.007    0.170
   4535 1821.450 2275.990   12.491    0.004    0.176
   7098 1331.140 3782.950   12.496    0.005    0.181
   5428  606.830 2726.200   12.518    0.004    0.181
   5530 1047.310 2793.090   12.539    0.004    0.176
   7478  808.500 4017.240   12.550    0.029    0.187
   7087  377.340 3776.810   12.554    0.004    0.177
   6551 1715.260 3452.790   12.578    0.004    0.181
   5613 1010.890 2845.260   12.581    0.004    0.176
   3093 1512.280 1862.800   12.589    0.024    0.171
   7059 1408.620 3759.640   12.591    0.004    0.175
   1432 1695.060  986.810   12.599    0.004    0.180
   6006  450.870 3093.470   12.611    0.004    0.184
    301  651.360  132.210   12.612    0.004    0.180
    698 1323.750  416.940   12.624    0.005    0.171
   5493  994.350 2765.270   12.628    0.005    0.177
   4771  554.250 2351.050   12.633    0.004    0.181
   5942  566.480 3050.450   12.634    0.004    0.174
   3228  744.330 1925.800   12.638    0.005    0.176
   5817  201.920 2984.390   12.643    0.005    0.181
    420 1470.580  223.410   12.663    0.004    0.169
   1414 1321.430  971.460   12.671    0.005    0.170
   2310  837.550 1392.420   12.677    0.006    0.177
   3075 1124.550 1854.880   12.681    0.005    0.178
   5117  981.340 2545.390   12.684    0.005    0.171
   4200 1863.580 2193.850   12.687    0.006    0.179
   3962  504.400 2127.210   12.715    0.005    0.180
   2044 1216.850 1246.690   12.744    0.006    0.173
   6122  844.050 3160.250   12.747    0.005    0.178
   5453 1777.220 2737.650   12.758    0.005    0.180
   2683 1758.020 1636.050   12.781    0.005    0.179
   1589  639.400 1055.440   12.783    0.005    0.171
   5896 1882.070 3020.380   12.786    0.006    0.176
   5324  184.950 2666.190   12.800    0.006    0.183
    475 1654.250  264.790   12.801    0.005    0.177
    867  874.980  556.870   12.815    0.005    0.179
   5385 1835.070 2700.350   12.817    0.006    0.178
   4596  413.160 2290.850   12.822    0.010    0.182
   4148  158.340 2179.060   12.828    0.020    0.171
   7191  967.440 3843.370   12.837    0.005    0.177
   5957 1241.210 3061.130   12.845    0.005    0.175
   2783  755.130 1692.390   12.854    0.005    0.183
    887 1171.590  575.020   12.874    0.006    0.170
   6173  543.790 3190.330   12.889    0.006    0.174
    447 1397.410  246.400   12.898    0.005    0.168
   5672 1423.590 2890.140   12.901    0.006    0.178
   3107   37.220 1871.370   12.903    0.006    0.182
