===================================
== Step 1 : Construct PSF ver. 1 ==
===================================


  READ NOISE (ADU; 1 frame) =     2.26        GAIN (e-/ADU; 1 frame) =     3.10
 LOW GOOD DATUM (in sigmas) =     7.00      HIGH GOOD DATUM (in ADU) = 32000.00
             FWHM OF OBJECT =     2.98         THRESHOLD (in sigmas) =     3.50
  LS (LOW SHARPNESS CUTOFF) =     0.20    HS (HIGH SHARPNESS CUTOFF) =     1.00
  LR (LOW ROUNDNESS CUTOFF) =    -1.00    HR (HIGH ROUNDNESS CUTOFF) =     1.00
             WATCH PROGRESS =    -2.00                FITTING RADIUS =     2.98
                 PSF RADIUS =    11.92                  VARIABLE PSF =     2.00
              SKY ESTIMATOR =     0.00            ANALYTIC MODEL PSF =    -6.00
  EXTRA PSF CLEANING PASSES =     5.00       USE SATURATED PSF STARS =     0.00
       PERCENT ERROR (in %) =     0.75          PROFILE ERROR (in %) =     5.00

 Command: 
 File with parameter values (default KEYBOARD 
                                            INPUT): 
  READ NOISE (ADU; 1 frame) =     2.26        GAIN (e-/ADU; 1 frame) =     3.10
 LOW GOOD DATUM (in sigmas) =     7.00      HIGH GOOD DATUM (in ADU) = 32000.00
             FWHM OF OBJECT =     2.98         THRESHOLD (in sigmas) =     3.50
  LS (LOW SHARPNESS CUTOFF) =     0.20    HS (HIGH SHARPNESS CUTOFF) =     1.00
  LR (LOW ROUNDNESS CUTOFF) =    -1.00    HR (HIGH ROUNDNESS CUTOFF) =     1.00
             WATCH PROGRESS =    -2.00                FITTING RADIUS =     2.98
                 PSF RADIUS =    11.92                  VARIABLE PSF =     2.00
              SKY ESTIMATOR =     0.00            ANALYTIC MODEL PSF =    -6.00
  EXTRA PSF CLEANING PASSES =     5.00       USE SATURATED PSF STARS =     0.00
       PERCENT ERROR (in %) =     0.75          PROFILE ERROR (in %) =     5.00

 OPT> 
 Command: 
     obj177_1...                   


                                      Picture size:   2048  4096


 Command: 
      Sky mode and standard deviation =  420.663   16.879

              Clipped mean and median =  422.298  421.750
   Number of pixels used (after clip) = 9,876
                       Relative error = 0.91

                 Number of frames averaged, summed:          File for positions (default obj177_1.coo): 
 

   5542 stars.


                           Are you happy with this? 
 Command: 
      File with aperture radii (default photo.opt): 
  A1  RADIUS OF APERTURE  1 =     3.00     A2  RADIUS OF APERTURE  2 =     3.80
  A3  RADIUS OF APERTURE  3 =     4.80     A4  RADIUS OF APERTURE  4 =     6.08
  A5  RADIUS OF APERTURE  5 =     7.69     A6  RADIUS OF APERTURE  6 =     9.74
  A7  RADIUS OF APERTURE  7 =    12.32     A8  RADIUS OF APERTURE  8 =    15.60
  A9  RADIUS OF APERTURE  9 =    19.74     AA  RADIUS OF APERTURE 10 =    24.98
  AB  RADIUS OF APERTURE 11 =    31.61     AC  RADIUS OF APERTURE 12 =    40.00
  IS       INNER SKY RADIUS =    45.00     OS       OUTER SKY RADIUS =    50.00

 PHO> 
        Input position file (default obj177_1.coo):                  Output file (default obj177_1.ap): 
  Estimated magnitude limit (Aperture 1): 17.1 +- 0.5 per star.                  


 Command: 
             Input file name (default obj177_1.ap):        Desired number of stars, faintest magnitude:            Output file name (default obj177_1.lst): 
       100 suitable candidates were found.


 Command: 

 Good bye.


===================================
== Step 2 : Construct PSF ver. 2 ==
===================================


=============================================
== Step 3 : Construct final version of PSF ==
=============================================


  READ NOISE (ADU; 1 frame) =     2.26        GAIN (e-/ADU; 1 frame) =     3.10
 LOW GOOD DATUM (in sigmas) =     7.00      HIGH GOOD DATUM (in ADU) = 32000.00
             FWHM OF OBJECT =     2.98         THRESHOLD (in sigmas) =     3.50
  LS (LOW SHARPNESS CUTOFF) =     0.20    HS (HIGH SHARPNESS CUTOFF) =     1.00
  LR (LOW ROUNDNESS CUTOFF) =    -1.00    HR (HIGH ROUNDNESS CUTOFF) =     1.00
             WATCH PROGRESS =    -2.00                FITTING RADIUS =     2.98
                 PSF RADIUS =    11.92                  VARIABLE PSF =     2.00
              SKY ESTIMATOR =     0.00            ANALYTIC MODEL PSF =    -6.00
  EXTRA PSF CLEANING PASSES =     5.00       USE SATURATED PSF STARS =     0.00
       PERCENT ERROR (in %) =     0.75          PROFILE ERROR (in %) =     5.00

 Command: 
 File with parameter values (default KEYBOARD 
                                            INPUT): 
  READ NOISE (ADU; 1 frame) =     2.26        GAIN (e-/ADU; 1 frame) =     3.10
 LOW GOOD DATUM (in sigmas) =     7.00      HIGH GOOD DATUM (in ADU) = 32000.00
             FWHM OF OBJECT =     2.98         THRESHOLD (in sigmas) =     3.50
  LS (LOW SHARPNESS CUTOFF) =     0.20    HS (HIGH SHARPNESS CUTOFF) =     1.00
  LR (LOW ROUNDNESS CUTOFF) =    -1.00    HR (HIGH ROUNDNESS CUTOFF) =     1.00
             WATCH PROGRESS =    -2.00                FITTING RADIUS =     2.98
                 PSF RADIUS =    11.92                  VARIABLE PSF =     2.00
              SKY ESTIMATOR =     0.00            ANALYTIC MODEL PSF =    -6.00
  EXTRA PSF CLEANING PASSES =     5.00       USE SATURATED PSF STARS =     0.00
       PERCENT ERROR (in %) =     0.75          PROFILE ERROR (in %) =     5.00

 OPT> 
 Command: 
     obj177_1...                   


                                      Picture size:   2048  4096


 Command: 
        File with photometry (default obj177_1.ap):           File with the PSF (default obj177_1.psf):                                   Critical overlap:     File for stellar groups (default obj177_1.grp): 
 Size of   Number of
  group     groups

      1       169
      2        37
      3         3
      4         8
      5         1

    289 stars in  218 groups.  


 Command: 
          File with the PSF (default obj177_1.psf):    File with stellar groups (default obj177_1.grp):            File for results (default obj177_1.nst): 
 Star     158 has disappeared.
 Star     278 has disappeared.
 Star     708 has disappeared.
 Star     720 has disappeared.
 Star     778 has disappeared.
 Star    1006 has disappeared.
 Star    1649 has disappeared.
 Star    1667 has disappeared.
 Star    2250 has disappeared.
 Star    2294 has disappeared.
 Star    2374 has disappeared.
 Star    2520 has disappeared.
 Star    2780 has disappeared.
 Star    2884 has disappeared.
 Star    3044 has disappeared.
 Star    3269 has disappeared.
 Star    3525 has disappeared.
 Star    3612 has disappeared.
 Star    3689 has disappeared.
 Star    3985 has disappeared.
 Star    3995 has disappeared.
 Star    4149 has disappeared.
 Star    4181 has disappeared.
 Star    4338 has disappeared.
 Star    4341 has disappeared.
 Star    4715 has disappeared.
 Star    4987 has disappeared.
 Star    5435 has disappeared.
 Star    5464 has disappeared.
 Star     113 has disappeared.
 Star     116 has disappeared.
 Star    2753 has disappeared.
 Star    2625 has disappeared.
 Star    2626 has disappeared.
 Star    2618 has disappeared.

    Done.  


 Command: 
          File with the PSF (default obj177_1.psf):        File with photometry (default obj177_1.nst):                      Do you have stars to leave in?         File with star list (default obj177_1.lst):      Name for subtracted image (default obj177_1s): 
 Command: 
 Command: 

 Good bye.


===========================
== Step 4 : Run ALLSTAR. ==
===========================


             FITTING RADIUS =     4.61        CE (CLIPPING EXPONENT) =     6.00
      REDETERMINE CENTROIDS =     1.00           CR (CLIPPING RANGE) =     2.50
             WATCH PROGRESS =     0.00            MAXIMUM GROUP SIZE =    50.00
       PERCENT ERROR (in %) =     0.75          PROFILE ERROR (in %) =     5.00
      IS (INNER SKY RADIUS) =     3.61         OS (OUTER SKY RADIUS) =    19.43

 OPT>  OPT>  OPT>  OPT>  OPT>  OPT>  OPT>  OPT>  OPT>  OPT>  OPT> 
             FITTING RADIUS =     2.98        CE (CLIPPING EXPONENT) =     6.00
      REDETERMINE CENTROIDS =     1.00           CR (CLIPPING RANGE) =     2.50
             WATCH PROGRESS =     0.00            MAXIMUM GROUP SIZE =    50.00
       PERCENT ERROR (in %) =     0.75          PROFILE ERROR (in %) =     5.00
      IS (INNER SKY RADIUS) =     1.98         OS (OUTER SKY RADIUS) =    12.92

                                  Input image name: 
     obj177_1...                   


                                      Picture size:   2048  4096


          File with the PSF (default obj177_1.psf):                File with the PSF (default GIVE UP):                File with the PSF (default GIVE UP):                File with the PSF (default GIVE UP):                File with the PSF (default GIVE UP): 

 Good bye.


===============================================
== Step 5 : Prepare for aperture correction. ==
===============================================

