 NL    NX    NY  LOWBAD HIGHBAD  THRESH     AP1  PH/ADU  RNOISE    FRAD
  3  4310  4314   -15.0   600.0    0.46    3.00    8.00    1.00    2.50
 
  14181  732.800 1192.770   15.501    0.005    0.098
   6541 2972.870  391.370   15.623    0.005    0.102
   4900 1631.250  156.830   15.652    0.005    0.092
  12502 1306.040 1053.430   15.681    0.005    0.093
  25552  461.610 1841.050   15.694    0.005    0.094
  14641 3338.810 1228.720   15.722    0.005    0.099
  14073  858.380 1185.700   15.729    0.005    0.092
   8830 2189.860  687.720   15.737    0.005    0.099
  48254 4108.770 2958.800   15.749    0.005    0.098
  52766 3834.570 3460.720   15.795    0.005    0.099
  21194 4131.630 1634.010   15.800    0.006    0.097
  19168  800.660 1526.160   15.810    0.006    0.091
  50602  331.180 3193.480   15.811    0.006    0.101
  42169 3708.820 2510.930   15.836    0.006    0.100
  57268 2262.430 4189.330   15.838    0.006    0.101
  42923 3516.660 2557.170   15.843    0.006    0.099
  12033 1457.810 1013.720   15.860    0.006    0.089
  54844 3098.100 3764.190   15.861    0.006    0.103
   5768 3271.850  286.730   15.863    0.006    0.092
  55301 2498.000 3841.720   15.867    0.006    0.102
  17863  605.180 1446.650   15.867    0.006    0.089
  28615 3505.090 1967.560   15.868    0.006    0.098
  16898 3610.190 1386.580   15.888    0.006    0.093
  27486 2054.290 1922.530   15.894    0.006    0.100
  45465  811.610 2736.500   15.897    0.006    0.095
   6196 2275.490  343.890   15.903    0.006    0.095
  56475 2405.910 4045.840   15.905    0.006    0.103
  29275 3715.730 1994.780   15.908    0.006    0.095
  49247 1352.220 3054.670   15.914    0.006    0.101
  56942  448.960 4131.160   15.916    0.006    0.103
  22698 2842.890 1709.660   15.917    0.006    0.098
  26536 2916.700 1882.470   15.930    0.006    0.100
  20414 4227.900 1594.110   15.930    0.006    0.094
  52875  700.170 3475.760   15.934    0.006    0.097
  49642 1784.380 3092.540   15.942    0.006    0.103
  48825  643.740 3012.680   15.948    0.006    0.094
  49403 2605.320 3068.650   15.976    0.006    0.098
  43728 2889.130 2609.810   15.980    0.006    0.099
   4948 3073.100  164.260   15.984    0.006    0.088
   7728 1997.270  551.170   15.986    0.006    0.085
   7410 4128.870  508.000   15.987    0.006    0.090
  13409 1622.190 1131.630   16.006    0.006    0.086
  10431 1326.910  865.540   16.007    0.006    0.087
  22916 2865.710 1720.380   16.008    0.006    0.096
  57393 2640.520 4209.040   16.015    0.006    0.103
  43530 2485.620 2598.380   16.029    0.006    0.100
  22712 2488.260 1711.330   16.032    0.006    0.097
   6267 3709.260  353.650   16.033    0.006    0.088
  37917 2424.580 2293.950   16.034    0.006    0.100
  48135 2335.290 2949.400   16.035    0.006    0.099
   7729 2302.500  551.020   16.039    0.006    0.086
  50682  590.060 3201.470   16.040    0.006    0.091
   5613 1723.340  264.150   16.040    0.006    0.085
   6012 1022.210  319.880   16.040    0.006    0.087
  31434 2515.040 2083.380   16.042    0.006    0.099
  57554 2789.530 4229.310   16.045    0.006    0.103
  30412  986.810 2041.390   16.048    0.006    0.089
  43243   57.740 2578.070   16.049    0.006    0.093
  10722 2590.120  894.990   16.059    0.006    0.091
  17736 2274.580 1438.470   16.062    0.006    0.093
  14556 4015.020 1221.720   16.086    0.006    0.086
  57305 2399.480 4195.130   16.091    0.006    0.101
  12016 1308.710 1012.310   16.092    0.006    0.085
  50869  914.880 3222.190   16.093    0.006    0.095
  18981   36.170 1515.540   16.093    0.006    0.083
  50666 2082.240 3199.660   16.097    0.006    0.100
   5401 4129.410  231.460   16.098    0.006    0.085
   7065  367.640  461.560   16.105    0.006    0.086
  40294 3902.590 2405.150   16.115    0.006    0.089
  41354 1752.340 2463.900   16.115    0.006    0.099
  50443  498.340 3177.070   16.115    0.006    0.091
  48567 2788.730 2986.890   16.119    0.006    0.095
   5569 1339.180  255.230   16.125    0.006    0.085
   8973 1609.720  705.110   16.127    0.007    0.085
  16257 3493.610 1344.360   16.128    0.007    0.086
  10089 2059.710  831.720   16.135    0.007    0.085
  39673  388.730 2372.810   16.151    0.007    0.088
  19532  498.430 1546.790   16.155    0.007    0.085
  52154 3846.090 3377.840   16.156    0.007    0.094
  41291  399.830 2459.900   16.168    0.007    0.089
   7424 1129.210  511.130   16.171    0.007    0.091
  46137 1775.090 2785.990   16.171    0.007    0.099
  14124 4106.930 1189.090   16.175    0.007    0.086
   7401 2717.810  506.750   16.176    0.007    0.091
  44964  492.160 2699.810   16.176    0.007    0.088
   4970 2823.550  168.170   16.182    0.007    0.085
  40430 1963.600 2413.260   16.184    0.007    0.101
  49983 2082.090 3128.010   16.191    0.007    0.099
  46631 1406.230 2825.370   16.194    0.007    0.095
   9931 1368.460  815.370   16.203    0.007    0.081
  50168  721.880 3148.350   16.207    0.007    0.091
  22470 1800.270 1699.740   16.220    0.007    0.090
  16861 4106.700 1384.380   16.221    0.007    0.083
  50084 2512.470 3139.390   16.226    0.007    0.092
  52615 1164.940 3439.380   16.227    0.007    0.092
  31075  733.780 2070.280   16.240    0.007    0.085
  40531 3110.680 2418.490   16.241    0.007    0.091
  44081 3469.050 2635.940   16.249    0.007    0.092
  42203 3846.110 2512.590   16.257    0.007    0.087
  26640 1947.160 1887.690   16.265    0.007    0.089
  52173 2139.240 3380.140   16.283    0.007    0.096
   7027 2768.970  457.060   16.286    0.007    0.089
  42947 1629.710 2558.680   16.290    0.007    0.094
  52654 2730.400 3445.380   16.298    0.007    0.091
  45212  524.270 2718.740   16.298    0.007    0.088
  44457 1586.850 2663.430   16.301    0.007    0.093
  48534  602.450 2985.590   16.301    0.007    0.093
  42930 1575.330 2558.330   16.305    0.007    0.094
  41031  529.320 2445.990   16.310    0.007    0.086
  15508  552.420 1291.870   16.315    0.007    0.084
  56426  353.660 4037.390   16.320    0.007    0.096
  30022 3086.060 2025.980   16.321    0.007    0.092
  46188 2899.390 2789.160   16.323    0.007    0.091
  42934 2022.920 2557.700   16.344    0.007    0.097
  11268 2048.170  944.880   16.356    0.007    0.084
  51031 3325.480 3240.730   16.356    0.007    0.089
  26813 2736.880 1894.930   16.363    0.007    0.092
  33136 1432.420 2145.610   16.364    0.007    0.082
   6557 1736.180  393.540   16.376    0.007    0.084
  39102 3044.480 2344.090   16.388    0.007    0.089
  55165 3142.730 3817.600   16.393    0.007    0.096
  44304 2048.230 2652.230   16.394    0.007    0.095
  55895 4224.110 3946.320   16.397    0.007    0.102
  24539 3725.920 1793.350   16.411    0.007    0.083
  54580 1058.070 3721.880   16.413    0.007    0.096
  12688 4067.570 1069.270   16.417    0.007    0.080
  55954 3777.570 3958.150   16.419    0.007    0.103
  53416 1739.870 3547.840   16.433    0.007    0.095
  28108 3203.110 1947.040   16.433    0.007    0.091
  19623 1279.470 1551.890   16.443    0.007    0.084
  19123 2051.340 1523.360   16.445    0.007    0.084
  54556 1247.450 3718.020   16.449    0.007    0.092
   6575 3973.590  394.880   16.450    0.007    0.082
  48691 1256.420 3000.370   16.452    0.007    0.087
  50908 2502.120 3225.540   16.460    0.007    0.091
  26000 3425.430 1859.380   16.463    0.007    0.081
  32134 1462.480 2112.150   16.464    0.007    0.085
  55214 3357.600 3826.230   16.473    0.008    0.099
  11706 1850.320  985.960   16.480    0.008    0.083
  47367  593.160 2884.320   16.488    0.008    0.087
  37196 4187.050 2265.780   16.499    0.008    0.083
  15244   22.310 1272.790   16.508    0.008    0.076
  27230  754.390 1912.970   16.508    0.008    0.084
  40782 3428.200 2430.660   16.508    0.008    0.108
  28403 3926.160 1959.510   16.509    0.008    0.082
  14305  181.270 1201.670   16.509    0.008    0.085
  48328 1007.730 2967.060   16.524    0.008    0.091
  50861 2372.770 3221.470   16.530    0.008    0.092
  26079 1860.910 1863.950   16.531    0.008    0.091
  16622 1533.580 1369.430   16.536    0.008    0.088
