 NL    NX    NY  LOWBAD HIGHBAD  THRESH     AP1  PH/ADU  RNOISE    FRAD
  3  4343  4322   -15.0   600.0    1.14    3.00    8.00    1.00    2.50
 
 117470  644.480 2981.600   15.610    0.005    0.110
  19284  409.530  457.490   15.675    0.005    0.097
  46254 1575.630 1365.540   15.694    0.005    0.099
 141658 3399.450 3822.070   15.695    0.005    0.118
 122180 2554.440 3135.400   15.713    0.005    0.098
 107782  534.170 2695.820   15.720    0.005    0.102
  29213 1410.480  811.370   15.733    0.005    0.089
 141435 3184.780 3813.620   15.757    0.005    0.113
 112182 1448.220 2821.400   15.757    0.005    0.098
  95477  430.660 2368.790   15.759    0.005    0.102
  20667 1171.210  507.070   15.760    0.005    0.105
  43741  594.370 1287.870   15.762    0.005    0.096
  22164 2610.390  561.360   15.762    0.005    0.086
  73856  775.760 2066.360   15.762    0.005    0.095
 117934 1298.410 2996.540   15.782    0.005    0.097
 123916  380.460 3192.430   15.800    0.006    0.112
 100585 1534.510 2497.650   15.801    0.006    0.094
 122414  763.900 3144.330   15.806    0.006    0.106
 116873 1049.730 2963.140   15.836    0.006    0.103
 108420  566.290 2714.750   15.862    0.006    0.102
 106499 1628.840 2659.470   15.862    0.006    0.097
 110910 2941.390 2785.310   15.865    0.006    0.097
 138681 1289.380 3713.990   15.865    0.006    0.107
  55439 1580.890 1622.500   15.872    0.006    0.093
  46761 4148.710 1380.320   15.881    0.006    0.092
 124874 2544.090 3221.670   15.904    0.006    0.102
  64541 3467.480 1855.540   15.922    0.006    0.087
  17326 1778.090  389.520   15.933    0.006    0.089
  61870 3767.850 1789.500   15.937    0.006    0.091
  37440  273.510 1091.140   15.940    0.006    0.100
 147508  395.620 4033.230   15.940    0.006    0.122
  52629 1321.360 1548.020   15.951    0.006    0.094
  82558 4142.700 2169.160   15.965    0.006    0.096
 131166 2772.380 3441.410   15.966    0.006    0.102
  98442  571.270 2442.000   15.969    0.006    0.099
  69346 3616.460 1970.480   15.978    0.006    0.095
  19185 2810.940  452.990   15.980    0.006    0.094
  79791 1474.370 2141.790   15.981    0.006    0.094
  14616 1482.830  297.920   15.989    0.006    0.095
  26678 3415.710  718.690   15.992    0.006    0.087
 124757 2414.720 3217.460   15.995    0.006    0.100
  66682  796.350 1909.050   15.996    0.006    0.099
  64670 1902.960 1860.080   16.008    0.006    0.095
 117288 1997.330 2975.800   16.008    0.006    0.098
  40850  223.250 1197.570   16.009    0.006    0.101
  68178 3245.010 1943.140   16.012    0.006    0.099
  29684 1251.450  827.130   16.021    0.006    0.093
  17398 4015.390  390.730   16.030    0.006    0.091
  52215 3833.480 1536.360   16.045    0.006    0.095
 117262 2728.140 2975.190   16.049    0.006    0.106
 102304 2831.850 2544.250   16.052    0.006    0.094
  90102 4229.000 2261.770   16.057    0.006    0.092
  18076 2333.540  415.400   16.067    0.006    0.085
 138802 1100.020 3717.820   16.071    0.006    0.110
  97916 3470.140 2426.760   16.082    0.006    0.116
  50237 1295.880 1479.860   16.100    0.006    0.096
  18908 1622.750  444.500   16.101    0.006    0.091
  21607 1138.490  541.050   16.104    0.006    0.093
 114164  635.180 2880.320   16.145    0.007    0.103
 125961 1302.390 3261.460   16.149    0.007    0.100
 126449 1703.490 3277.010   16.150    0.007    0.099
 128290  903.100 3340.940   16.152    0.007    0.109
  40599  651.390 1189.960   16.155    0.007    0.096
  36656 3807.190 1064.450   16.158    0.007    0.090
  54910 2373.420 1609.320   16.166    0.007    0.089
 118063 1542.810 3000.310   16.170    0.007    0.101
  22552  569.140  576.110   16.173    0.007    0.100
  16091 2819.510  345.900   16.174    0.007    0.087
 143700  791.160 3896.720   16.182    0.007    0.115
  49143  323.340 1447.880   16.182    0.007    0.099
  40997  788.640 1203.400   16.185    0.007    0.095
  68756 3967.920 1955.450   16.187    0.007    0.092
  70348  916.490 1993.400   16.188    0.007    0.092
  24258 3281.210  635.790   16.191    0.007    0.090
 149875 2030.970 4115.910   16.192    0.007    0.116
  18735 2122.790  437.690   16.198    0.007    0.088
  51019 3037.460 1500.930   16.204    0.007    0.090
 130821 2049.280 3428.460   16.205    0.007    0.099
  66103 3193.250 1894.920   16.215    0.007    0.093
 108653 3840.130 2721.200   16.223    0.007    0.099
  41559 2800.100 1220.400   16.223    0.007    0.087
 137706  188.160 3677.780   16.226    0.007    0.117
  99949 2511.140 2481.410   16.227    0.007    0.096
 111169  891.090 2793.210   16.233    0.007    0.103
  27568 1889.410  750.930   16.233    0.007    0.122
  37021 1367.890 1075.680   16.243    0.007    0.092
  41926 4143.970 1230.630   16.250    0.007    0.092
  28319 1819.800  778.940   16.272    0.007    0.094
 121324 2094.880 3107.980   16.284    0.007    0.102
   9880  183.600  149.280   16.289    0.007    0.107
   2895 2677.940   53.020   16.300    0.007    0.092
 141637 3132.260 3821.380   16.303    0.007    0.114
  58118 4180.020 1692.620   16.312    0.007    0.093
  61260 1477.410 1774.020   16.312    0.007    0.093
  70815  415.320 2004.110   16.323    0.007    0.096
  70163  450.740 1988.800   16.334    0.007    0.103
  70778 1438.210 2003.300   16.335    0.007    0.097
  16193 2340.930  350.390   16.340    0.007    0.090
 116386 3054.140 2947.050   16.342    0.007    0.102
 135131 1291.460 3583.030   16.343    0.007    0.103
 129981 2299.670 3400.500   16.346    0.007    0.101
 136667 3788.830 3638.160   16.360    0.007    0.121
  42430 3207.140 1246.440   16.367    0.007    0.088
  57721 3653.900 1683.140   16.369    0.007    0.096
 137602 1546.710 3673.540   16.370    0.007    0.104
 148637  693.620 4071.760   16.371    0.007    0.126
  57150 3400.320 1668.920   16.377    0.007    0.091
  36122 2670.700 1048.160   16.386    0.007    0.089
  46540  444.440 1374.480   16.404    0.007    0.096
 126431 2363.080 3275.440   16.408    0.007    0.102
  36961 2889.530 1074.090   16.408    0.007    0.087
 112095 4148.170 2818.690   16.409    0.007    0.102
  10179 4198.950  155.190   16.419    0.007    0.094
  28478 3415.580  783.490   16.420    0.007    0.084
  56977 2869.020 1664.110   16.426    0.007    0.101
  85262 2248.490 2197.160   16.437    0.009    0.099
 149030  536.020 4084.660   16.437    0.007    0.122
 138395 3878.560 3702.680   16.438    0.007    0.121
  17450 3070.250  392.590   16.442    0.007    0.088
 132851  935.230 3501.590   16.442    0.007    0.106
 137174 1657.520 3657.850   16.443    0.007    0.104
  62389 3394.320 1802.440   16.451    0.008    0.088
  13830 3196.190  272.080   16.462    0.008    0.089
  99040  426.040 2456.520   16.466    0.008    0.098
 118850 3420.630 3024.620   16.472    0.008    0.097
  23768 1043.060  619.330   16.473    0.008    0.095
  42791 3716.760 1257.610   16.473    0.008    0.090
 127289  610.200 3307.220   16.478    0.008    0.109
 122416  931.030 3143.530   16.479    0.008    0.101
  95076 2456.990 2358.910   16.486    0.008    0.101
 100368 3140.970 2491.850   16.489    0.008    0.095
 144799 1541.480 3934.690   16.492    0.008    0.108
  32888  448.190  940.020   16.499    0.008    0.101
  68595 1042.930 1952.450   16.500    0.008    0.101
 115358 3368.610 2914.700   16.501    0.008    0.097
  69682 1668.320 1978.530   16.501    0.008    0.091
 113985 2620.970 2873.890   16.506    0.008    0.101
  22496 1096.310  573.990   16.514    0.008    0.095
 110257  302.960 2767.070   16.517    0.008    0.108
  35619 2947.350 1031.030   16.518    0.008    0.089
  19174 1254.100  452.860   16.533    0.008    0.101
 140171 3963.220 3767.510   16.535    0.008    0.124
 148867 2522.080 4078.500   16.541    0.008    0.114
   6114 4033.850   88.540   16.544    0.008    0.096
  21261  803.480  528.110   16.557    0.008    0.096
 137558 3505.960 3671.830   16.564    0.008    0.117
 143328  350.330 3884.620   16.576    0.008    0.119
 137769 2955.350 3679.980   16.579    0.008    0.109
  24685 4133.050  649.640   16.581    0.008    0.091
  65468  415.600 1879.520   16.581    0.008    0.095
